<?xml version="1.0" encoding="UTF-8"?>
<!-- Generated by org.testng.reporters.JUnitReportReporter -->
<testsuite hostname="DESKTOP-032RF4C" failures="0" tests="5" name="page.salesforcePOM.test.SFautomationScriptPOM" time="33.152" errors="0" timestamp="2022-05-23T14:44:36 PDT" skipped="0">
  <testcase classname="page.salesforcePOM.test.SFautomationScriptPOM" name="TC04A" time="4.106"/>
  <system-out/>
  <testcase classname="page.salesforcePOM.test.SFautomationScriptPOM" name="TC04B" time="6.013"/>
  <system-out/>
  <testcase classname="page.salesforcePOM.test.SFautomationScriptPOM" name="TC01" time="4.999"/>
  <system-out/>
  <testcase classname="page.salesforcePOM.test.SFautomationScriptPOM" name="TC03" time="10.751"/>
  <system-out/>
  <testcase classname="page.salesforcePOM.test.SFautomationScriptPOM" name="TC02" time="7.283"/>
  <system-out/>
</testsuite> <!-- page.salesforcePOM.test.SFautomationScriptPOM -->
